[CommunicationLog]
R [00E3E186] : 00000000000000000000000000000000000000000000000000000000000007F8400010F02380000000000
S [00E3E157] : (40)
R [00E3E147] : 0
S [00E3E0DA] : (21)
R [00E3E0DA] : 0
S [00E3DBF8] : 0B
R [00E3DBF8] : 0
S [00E3DBAA] : (0B)
R [00E3DB6B] : 0
S [00E3DB3C] : (07)
R [00DCE85E] : 0
S [00DCE84E] : (410F008000080)
R [00DCE84E] : 0
S [00DCE82F] : (410F000000080)
R [00DCE7C2] : 0B1BF0F0000000000000A000F070D0000000000000000000000000000070D0A1C00850F007104000FF800
S [00DCE7B2] : (40)
R [00DCE7B2] : 01
S [00DCE7A2] : (34)
R [00DCE7A2] : 010F0071
S [00DCE7A2] : (35)
R [00DCE7A2] : 0B1BF0F0000000000000A000F070D0000000000000000000000000000070D0A1C00850F007104000FF800
S [00DCE793] : (40)
R [00DCE793] : 01
S [00DCE783] : (34)
R [00DCE783] : 010F0071
S [00DCE783] : (35)
R [00DCE437] : 00
S [00DCE437] : (34)
R [00DCE437] : 00
S [00DCE437] : (34)
R [00DCE040] : 00
S [00DCE040] : (34)
R [00DCE040] : 00
S [00DCE040] : (34)
R [00DCDC48] : 00
S [00DCDC48] : (34)
R [00DCDC48] : 00
S [00DCDC48] : (34)
R [00DCD850] : 00
S [00DCD850] : (34)
R [00DCD850] : 00
S [00DCD850] : (34)
R [00DCD459] : 00
S [00DCD459] : (34)
R [00DCD459] : 00
S [00DCD459] : (34)
R [00DCD061] : 00
S [00DCD061] : (34)
R [00DCD061] : 00
S [00DCD061] : (34)
R [00DCCC79] : 00
S [00DCCC6A] : (34)
R [00DCCC6A] : 00
S [00DCCC6A] : (34)
R [00DCC872] : 00
S [00DCC872] : (34)
R [00DCC872] : 00
S [00DCC872] : (34)
R [00DCC48A] : 00
S [00DCC47A] : (34)
R [00DCC47A] : 00
S [00DCC47A] : (34)
R [00DCC083] : 00
S [00DCC083] : (34)
R [00DCC083] : 00
S [00DCC083] : (34)
R [00DCBC8B] : 00
S [00DCBC8B] : (34)
R [00DCBC8B] : 00
S [00DCBC8B] : (34)
R [00DCB893] : 00
S [00DCB893] : (34)
R [00DCB893] : 00
S [00DCB893] : (34)
R [00DCB884] : 00
S [00DCB874] : (34)
R [00DCB874] : 0
S [00DCB807] : (330F0238)
R [00DCB0B4] : 00000000000000000000000000000000000000000000000000000000000007F8400010F02380000000000
S [00DCB085] : (40)
R [00DCB075] : 0
S [00DCB018] : (21)
R [00DCB018] : 0
S [00DCAB36] : 0B
R [00DCAB36] : 0
S [00DCAAE7] : (0B)
R [00DCAAA9] : 0
S [00DCAA7A] : (07)
R [00DC3932] : 00000000000000000000000000000000000000000000000000000000000007F8400010F03E40000000000
S [00DC38F4] : (40)
R [00DC38B5] : 0
S [00DC3886] : (07)
R [00DC3886] : 0
S [00DC3828] : (08)
R [00DC3828] : 00000000000000000000000000000000000000000000000000000000000007F8400010F03E40000000000
S [00DC37FA] : (40)
R [00DC37FA] : 01
S [00DC37FA] : (34)
R [00DC37FA] : 010F03E4
S [00DC37DA] : (35)
R [00DC37DA] : 018066FFFFC000E000FFFF08001FF08001F11
S [00DC37DA] : (00)
